<?xml version="1.0" encoding="UTF-8"?>
<!-- Generated by org.testng.reporters.JUnitReportReporter -->
<testsuite skipped="0" hostname="HDC2-D-CLHSXJ2" name="Hdc2DemoJan2020.Annotations" tests="2" failures="0" timestamp="2020-01-29T17:04:47 IST" time="0.019" errors="0">
  <testcase name="f" time="0.016" classname="Hdc2DemoJan2020.Annotations"/>
  <system-out/>
  <testcase name="f" time="0.003" classname="Hdc2DemoJan2020.Annotations"/>
  <system-out/>
</testsuite> <!-- Hdc2DemoJan2020.Annotations -->
