<?xml version="1.0" encoding="UTF-8"?>
<!-- Generated by org.testng.reporters.JUnitReportReporter -->
<testsuite skipped="0" hostname="HDC2-D-CLHSXJ2" name="Hdc2DemoJan2020.TestNGDemo" tests="3" failures="0" timestamp="2020-01-29T17:33:11 IST" time="0.016" errors="0">
  <testcase name="f3" time="0.003" classname="Hdc2DemoJan2020.TestNGDemo"/>
  <system-out/>
  <testcase name="f1" time="0.011" classname="Hdc2DemoJan2020.TestNGDemo"/>
  <system-out/>
  <testcase name="f2" time="0.002" classname="Hdc2DemoJan2020.TestNGDemo"/>
  <system-out/>
</testsuite> <!-- Hdc2DemoJan2020.TestNGDemo -->
